15:06:31.576 [              4] INFO  '            VirtualCurrencyWebSvc.Global' - Application starting...
15:06:31.904 [              4] DEBUG '            VirtualCurrencyWebSvc.Global' - Application_BeginRequest
15:06:31.904 [              4] DEBUG '            VirtualCurrencyWebSvc.Global' - Application_AuthenticateRequest
15:06:32.701 [              4] WARN  '            VirtualCurrencyWebSvc.SignUp' - System.ArgumentException: Missing expected parameter: EMAIL
   at VirtualCurrencyWebSvc.Util.HttpContextParametersExtension.Param(HttpContext c, SiteParameters sp) in C:\VirtualCurrency\src\VirtualCurrencyWebSvc\Util\HttpContextParametersExtension.cs:line 13
   at VirtualCurrencyWebSvc.SignUp.ProcessRequest(HttpContext context) in C:\VirtualCurrency\src\VirtualCurrencyWebSvc\SignUp.ashx.cs:line 29
15:06:42.373 [              4] DEBUG '            VirtualCurrencyWebSvc.Global' - Application_BeginRequest
15:06:42.373 [              4] DEBUG '            VirtualCurrencyWebSvc.Global' - Application_AuthenticateRequest
15:06:43.936 [              4] WARN  'oviders.UserManagementMembershipProvider' - Could not find user with alias:rgtlai@gmail.com
15:06:43.951 [              4] INFO  '  VirtualCurrencyWebSvc.Util.SessionUtil' - The username has not been take. This exception indicates not user has taken the username: Could not find user with alias:rgtlai@gmail.com
15:06:43.998 [              4] INFO  '  VirtualCurrencyWebSvc.Util.SessionUtil' - The username has not been take. This exception indicates not user has taken the username: Could not find user with email:rgtlai@gmail.com
16:22:20.809 [              4] INFO  '            VirtualCurrencyWebSvc.Global' - Application stopped.
17:10:46.181 [              4] INFO  '            VirtualCurrencyWebSvc.Global' - Application starting...
17:10:47.634 [              4] DEBUG '            VirtualCurrencyWebSvc.Global' - Application_BeginRequest
17:10:47.728 [              4] DEBUG '            VirtualCurrencyWebSvc.Global' - Application_AuthenticateRequest
17:10:47.775 [              4] DEBUG '            VirtualCurrencyWebSvc.Global' - Application_Error
17:13:15.110 [              4] DEBUG '            VirtualCurrencyWebSvc.Global' - Application_BeginRequest
17:13:15.110 [              4] DEBUG '            VirtualCurrencyWebSvc.Global' - Application_AuthenticateRequest
17:13:15.798 [              4] WARN  '            VirtualCurrencyWebSvc.SignUp' - System.ArgumentException: Missing expected parameter: EMAIL
   at VirtualCurrencyWebSvc.Util.HttpContextParametersExtension.Param(HttpContext c, SiteParameters sp) in C:\VirtualCurrency\src\VirtualCurrencyWebSvc\Util\HttpContextParametersExtension.cs:line 13
   at VirtualCurrencyWebSvc.SignUp.ProcessRequest(HttpContext context) in C:\VirtualCurrency\src\VirtualCurrencyWebSvc\SignUp.ashx.cs:line 29
17:13:15.876 [              4] DEBUG '            VirtualCurrencyWebSvc.Global' - Application_BeginRequest
17:13:15.876 [              4] DEBUG '            VirtualCurrencyWebSvc.Global' - Application_AuthenticateRequest
17:13:15.876 [              4] DEBUG '            VirtualCurrencyWebSvc.Global' - Application_Error
17:13:31.970 [              4] DEBUG '            VirtualCurrencyWebSvc.Global' - Application_BeginRequest
17:13:31.970 [              4] DEBUG '            VirtualCurrencyWebSvc.Global' - Application_AuthenticateRequest
17:13:33.424 [              4] WARN  'oviders.UserManagementMembershipProvider' - Could not find user with alias:aaronrau@gmail.com
17:13:33.424 [              4] INFO  '  VirtualCurrencyWebSvc.Util.SessionUtil' - The username has not been take. This exception indicates not user has taken the username: Could not find user with alias:aaronrau@gmail.com
17:13:33.486 [              4] INFO  '  VirtualCurrencyWebSvc.Util.SessionUtil' - The username has not been take. This exception indicates not user has taken the username: Could not find user with email:aaronrau@gmail.com
17:13:33.580 [              4] WARN  '            VirtualCurrencyWebSvc.SignUp' - System.FormatException: The specified string is not in the form required for an e-mail address.
   at System.Net.Mime.MailBnfHelper.ReadMailAddress(String data, Int32& offset, String& displayName)
   at System.Net.Mail.MailAddress.ParseValue(String address)
   at System.Net.Mail.MailAddress..ctor(String address, String displayName, Encoding displayNameEncoding)
   at System.Net.Mail.MailAddress..ctor(String address)
   at UserManagement.UserManagementService.SignUp(String noReplyEmail, String noReplyPassword, UserSignupOptions creationOptions) in C:\Documents and Settings\esegura\My Documents\Projects\VergenceMedia\VirtualCurrency\UserManagement\src\UserManagement\UserManagementService.cs:line 583
   at VirtualCurrencyWebSvc.SignUp.ProcessRequest(HttpContext context) in C:\VirtualCurrency\src\VirtualCurrencyWebSvc\SignUp.ashx.cs:line 63
17:13:49.081 [              4] DEBUG '            VirtualCurrencyWebSvc.Global' - Application_BeginRequest
17:13:49.081 [              4] DEBUG '            VirtualCurrencyWebSvc.Global' - Application_AuthenticateRequest
17:14:03.160 [              4] WARN  'oviders.UserManagementMembershipProvider' - Could not find user with alias:aaronrau@gmail.com
17:14:03.160 [              4] INFO  '  VirtualCurrencyWebSvc.Util.SessionUtil' - The username has not been take. This exception indicates not user has taken the username: Could not find user with alias:aaronrau@gmail.com
17:14:03.972 [              4] INFO  '  VirtualCurrencyWebSvc.Util.SessionUtil' - The username has not been take. This exception indicates not user has taken the username: Could not find user with email:aaronrau@gmail.com
17:15:39.133 [              4] WARN  '            VirtualCurrencyWebSvc.SignUp' - System.FormatException: The specified string is not in the form required for an e-mail address.
   at System.Net.Mime.MailBnfHelper.ReadMailAddress(String data, Int32& offset, String& displayName)
   at System.Net.Mail.MailAddress.ParseValue(String address)
   at System.Net.Mail.MailAddress..ctor(String address, String displayName, Encoding displayNameEncoding)
   at System.Net.Mail.MailAddress..ctor(String address)
   at UserManagement.UserManagementService.SignUp(String noReplyEmail, String noReplyPassword, UserSignupOptions creationOptions) in C:\Documents and Settings\esegura\My Documents\Projects\VergenceMedia\VirtualCurrency\UserManagement\src\UserManagement\UserManagementService.cs:line 583
   at VirtualCurrencyWebSvc.SignUp.ProcessRequest(HttpContext context) in C:\VirtualCurrency\src\VirtualCurrencyWebSvc\SignUp.ashx.cs:line 63
17:16:12.557 [              4] INFO  '            VirtualCurrencyWebSvc.Global' - Application stopped.
17:16:16.494 [              4] INFO  '            VirtualCurrencyWebSvc.Global' - Application starting...
17:16:16.526 [              4] DEBUG '            VirtualCurrencyWebSvc.Global' - Application_BeginRequest
17:16:16.526 [              4] DEBUG '            VirtualCurrencyWebSvc.Global' - Application_AuthenticateRequest
17:16:29.886 [              4] WARN  'oviders.UserManagementMembershipProvider' - Could not find user with alias:aaronrau@gmail.com
17:16:29.901 [              4] INFO  '  VirtualCurrencyWebSvc.Util.SessionUtil' - The username has not been take. This exception indicates not user has taken the username: Could not find user with alias:aaronrau@gmail.com
17:16:29.964 [              4] INFO  '  VirtualCurrencyWebSvc.Util.SessionUtil' - The username has not been take. This exception indicates not user has taken the username: Could not find user with email:aaronrau@gmail.com
17:17:23.170 [              4] WARN  '            VirtualCurrencyWebSvc.SignUp' - System.FormatException: The specified string is not in the form required for an e-mail address.
   at System.Net.Mime.MailBnfHelper.ReadMailAddress(String data, Int32& offset, String& displayName)
   at System.Net.Mail.MailAddress.ParseValue(String address)
   at System.Net.Mail.MailAddress..ctor(String address, String displayName, Encoding displayNameEncoding)
   at System.Net.Mail.MailAddress..ctor(String address)
   at UserManagement.UserManagementService.SignUp(String noReplyEmail, String noReplyPassword, UserSignupOptions creationOptions) in C:\Documents and Settings\esegura\My Documents\Projects\VergenceMedia\VirtualCurrency\UserManagement\src\UserManagement\UserManagementService.cs:line 583
   at VirtualCurrencyWebSvc.SignUp.ProcessRequest(HttpContext context) in C:\VirtualCurrency\src\VirtualCurrencyWebSvc\SignUp.ashx.cs:line 63
17:22:51.999 [              4] INFO  '            VirtualCurrencyWebSvc.Global' - Application stopped.
